[    0.000000] Linux version 4.15.0-212-generic (buildd@lcy02-amd64-083) (gcc version 7.5.0 (Ubuntu 7.5.0-3ubuntu1~18.04)) #223-Ubuntu SMP Tue May 23 13:09:22 UTC 2023 (Ubuntu 4.15.0-212.223-generic 4.15.18)
[    0.000000] Command line: BOOT_IMAGE=/boot/vmlinuz-4.15.0-212-generic root=LABEL=cloudimg-rootfs ro console=tty1 console=ttyS0
[    0.000000] KERNEL supported cpus:
[    0.000000]   Intel GenuineIntel
[    0.000000]   AMD AuthenticAMD
[    0.000000]   Centaur CentaurHauls
[    0.000000] x86/fpu: x87 FPU will use FXSAVE
[    0.000000] e820: BIOS-provided physical RAM map:
[    0.000000] BIOS-e820: [mem 0x0000000000000000-0x000000000009fbff] usable
[    0.000000] BIOS-e820: [mem 0x000000000009fc00-0x000000000009ffff] reserved
[    0.000000] BIOS-e820: [mem 0x00000000000f0000-0x00000000000fffff] reserved
[    0.000000] BIOS-e820: [mem 0x0000000000100000-0x000000003ffeffff] usable
[    0.000000] BIOS-e820: [mem 0x000000003fff0000-0x000000003fffffff] ACPI data
[    0.000000] BIOS-e820: [mem 0x00000000fec00000-0x00000000fec00fff] reserved
[    0.000000] BIOS-e820: [mem 0x00000000fee00000-0x00000000fee00fff] reserved
[    0.000000] BIOS-e820: [mem 0x00000000fffc0000-0x00000000ffffffff] reserved
[    0.000000] NX (Execute Disable) protection: active
[    0.000000] SMBIOS 2.5 present.
[    0.000000] DMI: innotek GmbH VirtualBox/VirtualBox, BIOS VirtualBox 12/01/2006
[    0.000000] Hypervisor detected: KVM
[    0.000000] e820: last_pfn = 0x3fff0 max_arch_pfn = 0x400000000
[    0.000000] MTRR: Disabled
[    0.000000] x86/PAT: MTRRs disabled, skipping PAT initialization too.
[    0.000000] CPU MTRRs all blank - virtualized system.
[    0.000000] x86/PAT: Configuration [0-7]: WB  WT  UC- UC  WB  WT  UC- UC  
[    0.000000] found SMP MP-table at [mem 0x0009fff0-0x0009ffff]
[    0.000000] Scanning 1 areas for low memory corruption
[    0.000000] RAMDISK: [mem 0x359cb000-0x36cdcfff]
[    0.000000] ACPI: Early table checksum verification disabled
[    0.000000] ACPI: RSDP 0x00000000000E0000 000024 (v02 VBOX  )
[    0.000000] ACPI: XSDT 0x000000003FFF0030 00003C (v01 VBOX   VBOXXSDT 00000001 ASL  00000061)
[    0.000000] ACPI: FACP 0x000000003FFF00F0 0000F4 (v04 VBOX   VBOXFACP 00000001 ASL  00000061)
[    0.000000] ACPI: DSDT 0x000000003FFF0610 002353 (v02 VBOX   VBOXBIOS 00000002 INTL 20100528)
[    0.000000] ACPI: FACS 0x000000003FFF0200 000040
[    0.000000] ACPI: FACS 0x000000003FFF0200 000040
[    0.000000] ACPI: APIC 0x000000003FFF0240 00005C (v02 VBOX   VBOXAPIC 00000001 ASL  00000061)
[    0.000000] ACPI: SSDT 0x000000003FFF02A0 00036C (v01 VBOX   VBOXCPUT 00000002 INTL 20100528)
[    0.000000] ACPI: Reserving FACP table memory at [mem 0x3fff00f0-0x3fff01e3]
[    0.000000] ACPI: Reserving DSDT table memory at [mem 0x3fff0610-0x3fff2962]
[    0.000000] ACPI: Reserving FACS table memory at [mem 0x3fff0200-0x3fff023f]
[    0.000000] ACPI: Reserving FACS table memory at [mem 0x3fff0200-0x3fff023f]
[    0.000000] ACPI: Reserving APIC table memory at [mem 0x3fff0240-0x3fff029b]
[    0.000000] ACPI: Reserving SSDT table memory at [mem 0x3fff02a0-0x3fff060b]
[    0.000000] No NUMA configuration found
[    0.000000] Faking a node at [mem 0x0000000000000000-0x000000003ffeffff]
[    0.000000] NODE_DATA(0) allocated [mem 0x3ffc5000-0x3ffeffff]
[    0.000000] kvm-clock: cpu 0, msr 0:3ff44001, primary cpu clock
[    0.000000] kvm-clock: Using msrs 4b564d01 and 4b564d00
[    0.000000] kvm-clock: using sched offset of 3573122709 cycles
[    0.000000] clocksource: kvm-clock: mask: 0xffffffffffffffff max_cycles: 0x1cd42e4dffb, max_idle_ns: 881590591483 ns
[    0.000000] Zone ranges:
[    0.000000]   DMA      [mem 0x0000000000001000-0x0000000000ffffff]
[    0.000000]   DMA32    [mem 0x0000000001000000-0x000000003ffeffff]
[    0.000000]   Normal   empty
[    0.000000]   Device   empty
[    0.000000] Movable zone start for each node
[    0.000000] Early memory node ranges
[    0.000000]   node   0: [mem 0x0000000000001000-0x000000000009efff]
[    0.000000]   node   0: [mem 0x0000000000100000-0x000000003ffeffff]
[    0.000000] Reserved but unavailable: 104 pages
[    0.000000] Initmem setup node 0 [mem 0x0000000000001000-0x000000003ffeffff]
[    0.000000] ACPI: PM-Timer IO Port: 0x4008
[    0.000000] IOAPIC[0]: apic_id 2, version 32, address 0xfec00000, GSI 0-23
[    0.000000] ACPI: INT_SRC_OVR (bus 0 bus_irq 0 global_irq 2 dfl dfl)
[    0.000000] ACPI: INT_SRC_OVR (bus 0 bus_irq 9 global_irq 9 low level)
[    0.000000] Using ACPI (MADT) for SMP configuration information
[    0.000000] smpboot: Allowing 2 CPUs, 0 hotplug CPUs
[    0.000000] PM: Registered nosave memory: [mem 0x00000000-0x00000fff]
[    0.000000] PM: Registered nosave memory: [mem 0x0009f000-0x0009ffff]
[    0.000000] PM: Registered nosave memory: [mem 0x000a0000-0x000effff]
[    0.000000] PM: Registered nosave memory: [mem 0x000f0000-0x000fffff]
[    0.000000] e820: [mem 0x40000000-0xfebfffff] available for PCI devices
[    0.000000] Booting paravirtualized kernel on KVM
[    0.000000] clocksource: refined-jiffies: mask: 0xffffffff max_cycles: 0xffffffff, max_idle_ns: 7645519600211568 ns
[    0.000000] setup_percpu: NR_CPUS:8192 nr_cpumask_bits:2 nr_cpu_ids:2 nr_node_ids:1
[    0.000000] percpu: Embedded 50 pages/cpu s167936 r8192 d28672 u1048576
[    0.000000] PV qspinlock hash table entries: 256 (order: 0, 4096 bytes)
[    0.000000] Built 1 zonelists, mobility grouping on.  Total pages: 257913
[    0.000000] Policy zone: DMA32
[    0.000000] Kernel command line: BOOT_IMAGE=/boot/vmlinuz-4.15.0-212-generic root=LABEL=cloudimg-rootfs ro console=tty1 console=ttyS0
[    0.000000] Memory: 982644K/1048120K available (12300K kernel code, 2477K rwdata, 4324K rodata, 2480K init, 2720K bss, 65476K reserved, 0K cma-reserved)
[    0.000000] SLUB: HWalign=64, Order=0-3, MinObjects=0, CPUs=2, Nodes=1
[    0.000000] ftrace: allocating 39508 entries in 155 pages
[    0.004000] Hierarchical RCU implementation.
[    0.004000] 	RCU restricting CPUs from NR_CPUS=8192 to nr_cpu_ids=2.
[    0.004000] 	Tasks RCU enabled.
[    0.004000] RCU: Adjusting geometry for rcu_fanout_leaf=16, nr_cpu_ids=2
[    0.004000] NR_IRQS: 524544, nr_irqs: 440, preallocated irqs: 16
[    0.004000] random: crng init done
[    0.004000] Console: colour VGA+ 80x25
[    0.004000] console [tty1] enabled
[    0.004000] console [ttyS0] enabled
[    0.004000] ACPI: Core revision 20170831
[    0.004000] ACPI: 2 ACPI AML tables successfully acquired and loaded
[    0.004000] APIC: Switch to symmetric I/O mode setup
[    0.004000] ..TIMER: vector=0x30 apic1=0 pin1=2 apic2=-1 pin2=-1
[    0.004000] tsc: Detected 2304.006 MHz processor
[    0.004000] Calibrating delay loop (skipped) preset value.. 4608.01 BogoMIPS (lpj=9216024)
[    0.004000] pid_max: default: 32768 minimum: 301
[    0.004000] Security Framework initialized
[    0.004000] Yama: becoming mindful.
[    0.004073] AppArmor: AppArmor initialized
[    0.012720] Dentry cache hash table entries: 131072 (order: 8, 1048576 bytes)
[    0.017579] Inode-cache hash table entries: 65536 (order: 7, 524288 bytes)
[    0.020062] Mount-cache hash table entries: 2048 (order: 2, 16384 bytes)
[    0.024059] Mountpoint-cache hash table entries: 2048 (order: 2, 16384 bytes)
[    0.032662] Last level iTLB entries: 4KB 64, 2MB 8, 4MB 8
[    0.036002] Last level dTLB entries: 4KB 64, 2MB 0, 4MB 0, 1GB 4
[    0.040005] Spectre V1 : Mitigation: usercopy/swapgs barriers and __user pointer sanitization
[    0.044002] Spectre V2 : Mitigation: Enhanced IBRS
[    0.048002] Spectre V2 : Spectre v2 / SpectreRSB mitigation: Filling RSB on context switch
[    0.052002] Spectre V2 : Spectre v2 / PBRSB-eIBRS: Retire a single CALL on VMEXIT
[    0.056002] RETBleed: Mitigation: Enhanced IBRS
[    0.064002] Speculative Store Bypass: Vulnerable
[    0.068039] TAA: Mitigation: TSX disabled
[    0.072002] MMIO Stale Data: Vulnerable: Clear CPU buffers attempted, no microcode
[    0.076002] SRBDS: Unknown: Dependent on hypervisor status
[    0.080138] Freeing SMP alternatives memory: 36K
[    0.200549] smpboot: CPU0: Intel(R) Core(TM) i9-9880H CPU @ 2.30GHz (family: 0x6, model: 0x9e, stepping: 0xd)
[    0.204379] Performance Events: unsupported p6 CPU model 158 no PMU driver, software events only.
[    0.208100] Hierarchical SRCU implementation.
[    0.212271] NMI watchdog: Perf event create on CPU 0 failed with -2
[    0.216001] NMI watchdog: Perf NMI watchdog permanently disabled
[    0.220266] smp: Bringing up secondary CPUs ...
[    0.224784] x86: Booting SMP configuration:
[    0.228002] .... node  #0, CPUs:      #1
[    0.004000] kvm-clock: cpu 1, msr 0:3ff44041, secondary cpu clock
[    0.240000] TSC synchronization [CPU#0 -> CPU#1]:
[    0.240000] Measured 158132 cycles TSC warp between CPUs, turning off TSC clock.
[    0.240000] tsc: Marking TSC unstable due to check_tsc_sync_source failed
[    0.244214] smp: Brought up 1 node, 2 CPUs
[    0.248079] smpboot: Max logical packages: 1
[    0.251089] smpboot: Total of 2 processors activated (9216.02 BogoMIPS)
[    0.252472] devtmpfs: initialized
[    0.256100] x86/mm: Memory block size: 128MB
[    0.260117] evm: security.selinux
[    0.262713] evm: security.SMACK64
[    0.264002] evm: security.SMACK64EXEC
[    0.266581] evm: security.SMACK64TRANSMUTE
[    0.268002] evm: security.SMACK64MMAP
[    0.272002] evm: security.apparmor
[    0.276002] evm: security.ima
[    0.278170] evm: security.capability
[    0.280348] clocksource: jiffies: mask: 0xffffffff max_cycles: 0xffffffff, max_idle_ns: 7645041785100000 ns
[    0.284144] futex hash table entries: 512 (order: 3, 32768 bytes)
[    0.288220] pinctrl core: initialized pinctrl subsystem
[    0.292502] RTC time: 11:37:03, date: 03/30/24
[    0.297250] NET: Registered protocol family 16
[    0.300097] audit: initializing netlink subsys (disabled)
[    0.304162] audit: type=2000 audit(1711798628.378:1): state=initialized audit_enabled=0 res=1
[    0.316004] cpuidle: using governor ladder
[    0.320007] cpuidle: using governor menu
[    0.324010] ACPI: bus type PCI registered
[    0.326965] acpiphp: ACPI Hot Plug PCI Controller Driver version: 0.5
[    0.332003] PCI: Using configuration type 1 for base access
[    0.340358] HugeTLB registered 2.00 MiB page size, pre-allocated 0 pages
[    0.348569] ACPI: Added _OSI(Module Device)
[    0.352003] ACPI: Added _OSI(Processor Device)
[    0.356002] ACPI: Added _OSI(3.0 _SCP Extensions)
[    0.360002] ACPI: Added _OSI(Processor Aggregator Device)
[    0.364003] ACPI: Added _OSI(Linux-Dell-Video)
[    0.367323] ACPI: Added _OSI(Linux-Lenovo-NV-HDMI-Audio)
[    0.372006] ACPI: Added _OSI(Linux-HPI-Hybrid-Graphics)
[    0.376758] ACPI: Executed 1 blocks of module-level executable AML code
[    0.386265] ACPI: Interpreter enabled
[    0.388010] ACPI: (supports S0 S5)
[    0.390673] ACPI: Using IOAPIC for interrupt routing
[    0.396344] PCI: Using host bridge windows from ACPI; if necessary, use "pci=nocrs" and report a bug
[    0.400227] ACPI: Enabled 2 GPEs in block 00 to 07
[    0.416017] ACPI: PCI Root Bridge [PCI0] (domain 0000 [bus 00-ff])
[    0.420006] acpi PNP0A03:00: _OSC: OS supports [ASPM ClockPM Segments MSI]
[    0.424690] acpi PNP0A03:00: _OSC: not requesting OS control; OS requires [ExtendedConfig ASPM ClockPM MSI]
[    0.428009] acpi PNP0A03:00: fail to add MMCONFIG information, can't access extended PCI configuration space under this bridge.
[    0.436045] PCI host bridge to bus 0000:00
[    0.439745] pci_bus 0000:00: root bus resource [io  0x0000-0x0cf7 window]
[    0.440004] pci_bus 0000:00: root bus resource [io  0x0d00-0xffff window]
[    0.444003] pci_bus 0000:00: root bus resource [mem 0x000a0000-0x000bffff window]
[    0.448003] pci_bus 0000:00: root bus resource [mem 0x40000000-0xfdffffff window]
[    0.452003] pci_bus 0000:00: root bus resource [bus 00-ff]
[    0.463763] pci 0000:00:01.1: legacy IDE quirk: reg 0x10: [io  0x01f0-0x01f7]
[    0.464002] pci 0000:00:01.1: legacy IDE quirk: reg 0x14: [io  0x03f6]
[    0.468002] pci 0000:00:01.1: legacy IDE quirk: reg 0x18: [io  0x0170-0x0177]
[    0.472003] pci 0000:00:01.1: legacy IDE quirk: reg 0x1c: [io  0x0376]
[    0.495385] pci 0000:00:07.0: quirk: [io  0x4000-0x403f] claimed by PIIX4 ACPI
[    0.496034] pci 0000:00:07.0: quirk: [io  0x4100-0x410f] claimed by PIIX4 SMB
[    0.508320] ACPI: PCI Interrupt Link [LNKA] (IRQs 5 9 10 *11)
[    0.512447] ACPI: PCI Interrupt Link [LNKB] (IRQs 5 9 *10 11)
[    0.516211] ACPI: PCI Interrupt Link [LNKC] (IRQs 5 *9 10 11)
[    0.520171] ACPI: PCI Interrupt Link [LNKD] (IRQs 5 9 10 *11)
[    0.524653] SCSI subsystem initialized
[    0.528199] pci 0000:00:02.0: vgaarb: setting as boot VGA device
[    0.532000] pci 0000:00:02.0: vgaarb: VGA device added: decodes=io+mem,owns=io+mem,locks=none
[    0.532003] pci 0000:00:02.0: vgaarb: bridge control possible
[    0.536002] vgaarb: loaded
[    0.540061] ACPI: bus type USB registered
[    0.544013] usbcore: registered new interface driver usbfs
[    0.548026] usbcore: registered new interface driver hub
[    0.552008] usbcore: registered new device driver usb
[    0.556188] EDAC MC: Ver: 3.0.0
[    0.560431] PCI: Using ACPI for IRQ routing
[    0.564565] NetLabel: Initializing
[    0.567248] NetLabel:  domain hash size = 128
[    0.568002] NetLabel:  protocols = UNLABELED CIPSOv4 CALIPSO
[    0.572013] NetLabel:  unlabeled traffic allowed by default
[    0.576199] clocksource: Switched to clocksource kvm-clock
[    0.584536] VFS: Disk quotas dquot_6.6.0
[    0.584536] VFS: Dquot-cache hash table entries: 512 (order 0, 4096 bytes)
[    0.584536] AppArmor: AppArmor Filesystem Enabled
[    0.584536] pnp: PnP ACPI init
[    0.584536] pnp: PnP ACPI: found 3 devices
[    0.671412] clocksource: acpi_pm: mask: 0xffffff max_cycles: 0xffffff, max_idle_ns: 2085701024 ns
[    0.672257] NET: Registered protocol family 2
[    0.672257] IP idents hash table entries: 16384 (order: 5, 131072 bytes)
[    0.688265] TCP established hash table entries: 8192 (order: 4, 65536 bytes)
[    0.694177] TCP bind hash table entries: 8192 (order: 5, 131072 bytes)
[    0.697903] TCP: Hash tables configured (established 8192 bind 8192)
[    0.697903] UDP hash table entries: 512 (order: 2, 16384 bytes)
[    0.697903] UDP-Lite hash table entries: 512 (order: 2, 16384 bytes)
[    0.697903] NET: Registered protocol family 1
[    0.697903] pci 0000:00:00.0: Limiting direct PCI/PCI transfers
[    0.697903] pci 0000:00:01.0: Activating ISA DMA hang workarounds
[    0.697903] pci 0000:00:02.0: Video device with shadowed ROM at [mem 0x000c0000-0x000dffff]
[    0.697903] Unpacking initramfs...
[    1.145486] Freeing initrd memory: 19528K
[    1.150083] clocksource: tsc: mask: 0xffffffffffffffff max_cycles: 0x2135fd711f6, max_idle_ns: 440795262176 ns
[    1.162825] platform rtc_cmos: registered platform RTC device (no PNP device found)
[    1.172083] Scanning for low memory corruption every 60 seconds
[    1.180869] Initialise system trusted keyrings
[    1.184625] Key type blacklist registered
[    1.189702] workingset: timestamp_bits=36 max_order=18 bucket_order=0
[    1.198102] zbud: loaded
[    1.201851] squashfs: version 4.0 (2009/01/31) Phillip Lougher
[    1.207711] fuse init (API version 7.26)
[    1.230417] Key type asymmetric registered
[    1.234035] Asymmetric key parser 'x509' registered
[    1.237660] Block layer SCSI generic (bsg) driver version 0.4 loaded (major 246)
[    1.243576] io scheduler noop registered
[    1.247002] io scheduler deadline registered
[    1.250268] io scheduler cfq registered (default)
[    1.254477] ACPI: AC Adapter [AC] (on-line)
[    1.258036] input: Power Button as /devices/LNXSYSTM:00/LNXPWRBN:00/input/input0
[    1.263964] ACPI: Power Button [PWRF]
[    1.267664] input: Sleep Button as /devices/LNXSYSTM:00/LNXSLPBN:00/input/input1
[    1.273450] ACPI: Sleep Button [SLPF]
[    1.278026] Serial: 8250/16550 driver, 32 ports, IRQ sharing enabled
[    1.278988] ACPI: Battery Slot [BAT0] (battery present)
[    1.310237] 00:02: ttyS0 at I/O 0x3f8 (irq = 4, base_baud = 115200) is a 16550A
[    1.333882] Linux agpgart interface v0.103
[    1.347703] loop: module loaded
[    1.353737] scsi host0: ata_piix
[    1.358203] scsi host1: ata_piix
[    1.361120] ata1: PATA max UDMA/33 cmd 0x1f0 ctl 0x3f6 bmdma 0xd000 irq 14
[    1.365030] ata2: PATA max UDMA/33 cmd 0x170 ctl 0x376 bmdma 0xd008 irq 15
[    1.372123] tun: Universal TUN/TAP device driver, 1.6
[    1.377158] PPP generic driver version 2.4.2
[    1.381108] ehci_hcd: USB 2.0 'Enhanced' Host Controller (EHCI) Driver
[    1.386665] ehci-pci: EHCI PCI platform driver
[    1.390500] ehci-platform: EHCI generic platform driver
[    1.394878] ohci_hcd: USB 1.1 'Open' Host Controller (OHCI) Driver
[    1.400250] ohci-pci: OHCI PCI platform driver
[    1.404369] ohci-platform: OHCI generic platform driver
[    1.408720] uhci_hcd: USB Universal Host Controller Interface driver
[    1.413934] i8042: PNP: PS/2 Controller [PNP0303:PS2K,PNP0f03:PS2M] at 0x60,0x64 irq 1,12
[    1.423104] serio: i8042 KBD port at 0x60,0x64 irq 1
[    1.427523] serio: i8042 AUX port at 0x60,0x64 irq 12
[    1.432549] mousedev: PS/2 mouse device common for all mice
[    1.440928] rtc_cmos rtc_cmos: rtc core: registered rtc_cmos as rtc0
[    1.447046] input: AT Translated Set 2 keyboard as /devices/platform/i8042/serio0/input/input2
[    1.448286] rtc_cmos rtc_cmos: alarms up to one day, 114 bytes nvram
[    1.460009] i2c /dev entries driver
[    1.463584] device-mapper: uevent: version 1.0.3
[    1.467646] device-mapper: ioctl: 4.37.0-ioctl (2017-09-20) initialised: dm-devel@redhat.com
[    1.475252] ledtrig-cpu: registered to indicate activity on CPUs
[    1.483300] NET: Registered protocol family 10
[    1.497560] Segment Routing with IPv6
[    1.501378] NET: Registered protocol family 17
[    1.505496] Key type dns_resolver registered
[    1.509934] mce: Using 0 MCE banks
[    1.513330] RAS: Correctable Errors collector initialized.
[    1.518065] sched_clock: Marking stable (1518013719, 0)->(2149452239, -631438520)
[    1.528024] registered taskstats version 1
[    1.532203] Loading compiled-in X.509 certificates
[    1.588976] Loaded X.509 cert 'Build time autogenerated kernel key: b5b26778eaa3ab3a4a6cee031137706e947d12ad'
[    1.596513] Loaded X.509 cert 'Canonical Ltd. Live Patch Signing: 14df34d1a87cf37625abec039ef2bf521249b969'
[    1.603955] Loaded X.509 cert 'Canonical Ltd. Kernel Module Signing: 88f752e560a1e0737e31163a466ad7b70a850c19'
[    1.611119] blacklist: Loading compiled-in revocation X.509 certificates
[    1.616559] Loaded X.509 cert 'Canonical Ltd. Secure Boot Signing: 61482aa2830d0ab2ad5af10b7250da9033ddcef0'
[    1.623898] Loaded X.509 cert 'Canonical Ltd. Secure Boot Signing (2017): 242ade75ac4a15e50d50c84b0d45ff3eae707a03'
[    1.631999] Loaded X.509 cert 'Canonical Ltd. Secure Boot Signing (ESM 2018): 365188c1d374d6b07c3c8f240f8ef722433d6a8b'
[    1.641566] Loaded X.509 cert 'Canonical Ltd. Secure Boot Signing (2019): c0746fd6c5da3ae827864651ad66ae47fe24b3e8'
[    1.649454] Loaded X.509 cert 'Canonical Ltd. Secure Boot Signing (2021 v1): a8d54bbb3825cfb94fa13c9f8a594a195c107b8d'
[    1.657540] Loaded X.509 cert 'Canonical Ltd. Secure Boot Signing (2021 v2): 4cf046892d6fd3c9a5b03f98d845f90851dc6a8c'
[    1.665488] Loaded X.509 cert 'Canonical Ltd. Secure Boot Signing (2021 v3): 100437bb6de6e469b581e61cd66bce3ef4ed53af'
[    1.673400] Loaded X.509 cert 'Canonical Ltd. Secure Boot Signing (Ubuntu Core 2019): c1d57b8f6b743f23ee41f4f7ee292f06eecadfb9'
[    1.682072] zswap: loaded using pool lzo/zbud
[    1.693954] Key type big_key registered
[    1.697443] Key type trusted registered
[    1.703627] Key type encrypted registered
[    1.707275] AppArmor: AppArmor sha1 policy hashing enabled
[    1.711302] ima: No TPM chip found, activating TPM-bypass! (rc=-19)
[    1.716082] ima: Allocated hash algorithm: sha1
[    1.719438] evm: HMAC attrs: 0x1
[    1.723039]   Magic number: 0:982:631
[    1.726225] rtc_cmos rtc_cmos: setting system clock to 2024-03-30 11:37:04 UTC (1711798624)
[    1.733108] BIOS EDD facility v0.16 2004-Jun-25, 0 devices found
[    1.737901] EDD information not available.
[    1.744260] Freeing unused kernel image memory: 2480K
[    1.775539] Write protecting the kernel read-only data: 20480k
[    1.781093] Freeing unused kernel image memory: 2008K
[    1.785671] Freeing unused kernel image memory: 1820K
[    1.795352] x86/mm: Checked W+X mappings: passed, no W+X pages found.
Loading, please wait...
starting version 237
[    1.869301] Fusion MPT base driver 3.04.20
[    1.873266] Copyright (c) 1999-2008 LSI Corporation
[    1.892988] e1000: Intel(R) PRO/1000 Network Driver - version 7.3.21-k8-NAPI
[    1.899205] e1000: Copyright (c) 1999-2006 Intel Corporation.
[    1.934850] SSE version of gcm_enc/dec engaged.
[    1.941152] Fusion MPT SPI Host driver 3.04.20
[    2.142809] input: ImExPS/2 Generic Explorer Mouse as /devices/platform/i8042/serio1/input/input4
[    2.798406] e1000 0000:00:03.0 eth0: (PCI:33MHz:32-bit) 02:3b:7b:b7:3b:2d
[    2.803551] e1000 0000:00:03.0 eth0: Intel(R) PRO/1000 Network Connection
[    2.813020] e1000 0000:00:03.0 enp0s3: renamed from eth0
[    2.820178] mptbase: ioc0: Initiating bringup
[    2.934761] ioc0: LSI53C1030 A0: Capabilities={Initiator}
[    3.194632] scsi host2: ioc0: LSI53C1030 A0, FwRev=00000000h, Ports=1, MaxQ=256, IRQ=20
[    3.369287] scsi 2:0:0:0: Direct-Access     VBOX     HARDDISK         1.0  PQ: 0 ANSI: 5
[    3.408189] scsi target2:0:0: Beginning Domain Validation
[    3.422001] scsi target2:0:0: Domain Validation skipping write tests
[    3.427839] scsi target2:0:0: Ending Domain Validation
[    3.433611] scsi target2:0:0: asynchronous
[    3.440374] scsi 2:0:1:0: Direct-Access     VBOX     HARDDISK         1.0  PQ: 0 ANSI: 5
[    3.476841] scsi target2:0:1: Beginning Domain Validation
[    3.490901] scsi target2:0:1: Domain Validation skipping write tests
[    3.496428] scsi target2:0:1: Ending Domain Validation
[    3.501300] scsi target2:0:1: asynchronous
[    3.520765] sd 2:0:0:0: Attached scsi generic sg0 type 0
[    3.526348] sd 2:0:1:0: Attached scsi generic sg1 type 0
[    3.527470] sd 2:0:1:0: [sdb] 20480 512-byte logical blocks: (10.5 MB/10.0 MiB)
[    3.538294] sd 2:0:0:0: [sda] 83886080 512-byte logical blocks: (42.9 GB/40.0 GiB)
[    3.538426] sd 2:0:1:0: [sdb] Write Protect is off
[    3.549646] sd 2:0:0:0: [sda] Write Protect is off
[    3.550139] sd 2:0:1:0: [sdb] Incomplete mode parameter data
[    3.558722] sd 2:0:1:0: [sdb] Assuming drive cache: write through
[    3.564901] sd 2:0:0:0: [sda] Incomplete mode parameter data
[    3.570021] sd 2:0:0:0: [sda] Assuming drive cache: write through
[    3.581109]  sda: sda1
[    3.585447] sd 2:0:1:0: [sdb] Attached SCSI disk
[    3.591706] sd 2:0:0:0: [sda] Attached SCSI disk
Begin: Loading essential drivers ... [ 3032.338071] INFO: rcu_sched self-detected stall on CPU
[ 3032.340109] INFO: rcu_sched detected stalls on CPUs/tasks:
[ 3032.344964] 	1-...0: (4 ticks this GP) idle=88a/140000000000001/0 softirq=880/883 fqs=3 
[ 3032.355458] 	 (t=206965 jiffies g=-133 c=-134 q=94)
[ 3032.355465] 	1-...0: (4 ticks this GP) idle=88a/140000000000001/0 softirq=880/883 fqs=3 
[ 3032.366872] 	(detected by 0, t=206965 jiffies, g=-133, c=-134, q=94)
[ 3032.367030] NMI backtrace for cpu 1
[ 3032.375669] CPU: 1 PID: 285 Comm: modprobe Not tainted 4.15.0-212-generic #223-Ubuntu
[ 3032.383256] Hardware name: innotek GmbH VirtualBox/VirtualBox, BIOS VirtualBox 12/01/2006
[ 3032.390404] Call Trace:
[ 3032.393348]  <IRQ>
[ 3032.396721]  dump_stack+0x6d/0x8b
[ 3032.400702]  nmi_cpu_backtrace+0x94/0xa0
[ 3032.404238]  ? lapic_can_unplug_cpu+0xb0/0xb0
[ 3032.407821]  nmi_trigger_cpumask_backtrace+0xe7/0x130
[ 3032.412972]  arch_trigger_cpumask_backtrace+0x19/0x20
[ 3032.418873]  rcu_dump_cpu_stacks+0xa3/0xd5
[ 3032.422322]  rcu_check_callbacks+0x6cd/0x8e0
[ 3032.426152]  ? tick_sched_do_timer+0x50/0x50
[ 3032.430947]  update_process_times+0x2f/0x60
[ 3032.434458]  tick_sched_handle+0x26/0x70
[ 3032.438159]  ? tick_sched_do_timer+0x42/0x50
[ 3032.441814]  tick_sched_timer+0x39/0x80
[ 3032.446275]  __hrtimer_run_queues+0xdf/0x230
[ 3032.450180]  hrtimer_interrupt+0x97/0x180
[ 3032.453633]  smp_apic_timer_interrupt+0x6f/0x140
[ 3032.457367]  apic_timer_interrupt+0x90/0xa0
[ 3032.460923]  </IRQ>
[ 3032.463147] RIP: 0010:raid6_sse21_gen_syndrome+0xaa/0x130 [raid6_pq]
[ 3032.468398] RSP: 0018:ffffaadd405bbb50 EFLAGS: 00010287 ORIG_RAX: ffffffffffffff11
[ 3032.474951] RAX: ffffaadd405bbbf8 RBX: 0000000000001000 RCX: ffffffffc043f600
[ 3032.481451] RDX: 0000000000000a30 RSI: ffffaadd405bbc18 RDI: 000000000000000d
[ 3032.487717] RBP: ffffaadd405bbb80 R08: ffffaadd405bbb98 R09: 0000000000000a30
[ 3032.493797] R10: ffffaadd405bbc10 R11: ffffaadd405bbc08 R12: ffff8e1476950000
[ 3032.499844] R13: ffff8e1476951000 R14: ffffaadd405bbba0 R15: 0000000000000080
[ 3032.506036]  init_module+0x118/0x1000 [raid6_pq]
[ 3032.510386]  ? 0xffffffffc044a000
[ 3032.513409]  do_one_initcall+0x52/0x1b0
[ 3032.516641]  ? _cond_resched+0x19/0x40
[ 3032.519740]  ? kmem_cache_alloc_trace+0x167/0x1d0
[ 3032.524432]  ? do_init_module+0x27/0x1f2
[ 3032.528136]  do_init_module+0x4f/0x1f2
[ 3032.531852]  load_module+0x1aa7/0x1fd0
[ 3032.534920]  ? ima_post_read_file+0x96/0xa0
[ 3032.538342]  SYSC_finit_module+0xfc/0x120
[ 3032.541635]  ? SYSC_finit_module+0xfc/0x120
[ 3032.545457]  SyS_finit_module+0xe/0x10
[ 3032.549303]  do_syscall_64+0x73/0x130
[ 3032.552379]  entry_SYSCALL_64_after_hwframe+0x59/0xbe
[ 3032.556285] RIP: 0033:0x7ff79918e539
[ 3032.559372] RSP: 002b:00007ffcde3590f8 EFLAGS: 00000246 ORIG_RAX: 0000000000000139
[ 3032.565648] RAX: ffffffffffffffda RBX: 000055c0af37c880 RCX: 00007ff79918e539
[ 3032.571849] RDX: 0000000000000000 RSI: 000055c0ae4c4cee RDI: 0000000000000004
[ 3032.578138] RBP: 000055c0ae4c4cee R08: 0000000000000000 R09: 000055c0af37be00
[ 3032.584167] R10: 0000000000000004 R11: 0000000000000246 R12: 0000000000000000
[ 3032.590149] R13: 000055c0af37c830 R14: 0000000000060000 R15: 000055c0af37be00
[ 3032.596328] INFO: rcu_sched self-detected stall on CPU
[ 3032.596278] Sending NMI from CPU 0 to CPUs 1:
[ 3042.533882] 	1-...0: (5 ticks this GP) idle=88a/140000000000001/0 softirq=880/883 fqs=3 
[ 3042.533852] rcu_sched kthread starved for 549821 jiffies! g18446744073709551483 c18446744073709551482 f0x0 RCU_GP_WAIT_FQS(3) ->state=0x402 ->cpu=0
[ 3042.544535] 	 (t=756786 jiffies g=-133 c=-134 q=94)
[ 3042.558664] rcu_sched       I    0     8      2 0x80000000
[ 3042.558668] Call Trace:
[ 3042.566050] rcu_sched kthread starved for 549821 jiffies! g18446744073709551483 c18446744073709551482 f0x0 RCU_GP_WAIT_FQS(3) ->state=0x402 ->cpu=0
[ 3042.570844]  __schedule+0x24e/0x890
[ 3042.574006] rcu_sched       I    0     8      2 0x80000000
[ 3042.586007]  schedule+0x2c/0x80
[ 3042.590065] Call Trace:
[ 3042.594300]  schedule_timeout+0x15d/0x370
[ 3042.597390]  __schedule+0x24e/0x890
[ 3042.599759]  ? __next_timer_interrupt+0xe0/0xe0
[ 3042.603744]  schedule+0x2c/0x80
[ 3042.606224]  rcu_gp_kthread+0x53a/0x980
[ 3042.610982]  schedule_timeout+0x15d/0x370
[ 3042.615418]  kthread+0x121/0x140
[ 3042.619842]  ? __next_timer_interrupt+0xe0/0xe0
[ 3042.622635]  ? rcu_note_context_switch+0x150/0x150
[ 3042.626030]  rcu_gp_kthread+0x53a/0x980
[ 3042.629432]  ? kthread_create_worker_on_cpu+0x70/0x70
[ 3042.634205]  kthread+0x121/0x140
[ 3042.636871]  ret_from_fork+0x1f/0x40
[ 3042.641790]  ? rcu_note_context_switch+0x150/0x150
[ 3042.646196] INFO: rcu_sched detected stalls on CPUs/tasks:
[ 3042.650554]  ? kthread_create_worker_on_cpu+0x70/0x70
[ 3042.653871] 	1-...0: (5 ticks this GP) idle=88a/140000000000001/0 softirq=880/883 fqs=3 
[ 3042.658990]  ret_from_fork+0x1f/0x40
[ 3042.672609] NMI backtrace for cpu 1
[ 3042.672569] 	(detected by 0, t=756786 jiffies, g=-133, c=-134, q=94)
[ 3042.678315] CPU: 1 PID: 285 Comm: modprobe Not tainted 4.15.0-212-generic #223-Ubuntu
[ 3042.691064] Hardware name: innotek GmbH VirtualBox/VirtualBox, BIOS VirtualBox 12/01/2006
[ 3042.698452] Call Trace:
[ 3042.701160]  <IRQ>
[ 3042.703431]  dump_stack+0x6d/0x8b
[ 3042.708585]  nmi_cpu_backtrace+0x94/0xa0
[ 3042.713344]  ? lapic_can_unplug_cpu+0xb0/0xb0
[ 3042.717996]  nmi_trigger_cpumask_backtrace+0xe7/0x130
[ 3042.722895]  arch_trigger_cpumask_backtrace+0x19/0x20
[ 3042.728010]  rcu_dump_cpu_stacks+0xa3/0xd5
[ 3042.731800]  rcu_check_callbacks+0x6cd/0x8e0
[ 3042.735916]  ? tick_sched_do_timer+0x50/0x50
[ 3042.742265]  update_process_times+0x2f/0x60
[ 3042.746445]  tick_sched_handle+0x26/0x70
[ 3042.750371]  ? tick_sched_do_timer+0x42/0x50
[ 3042.754666]  tick_sched_timer+0x39/0x80
[ 3042.758536]  __hrtimer_run_queues+0xdf/0x230
[ 3042.762451]  hrtimer_interrupt+0x97/0x180
[ 3042.766296]  smp_apic_timer_interrupt+0x6f/0x140
[ 3042.775159]  apic_timer_interrupt+0x90/0xa0
[ 3042.779152]  </IRQ>
[ 3042.781928] RIP: 0010:raid6_sse21_gen_syndrome+0xaa/0x130 [raid6_pq]
[ 3042.789297] RSP: 0018:ffffaadd405bbb50 EFLAGS: 00010287 ORIG_RAX: ffffffffffffff11
[ 3042.797042] RAX: ffffaadd405bbbf8 RBX: 0000000000001000 RCX: ffffffffc043f600
[ 3042.806645] RDX: 0000000000000a30 RSI: ffffaadd405bbc18 RDI: 000000000000000d
[ 3042.812324] RBP: ffffaadd405bbb80 R08: ffffaadd405bbb98 R09: 0000000000000a30
[ 3042.818766] R10: ffffaadd405bbc10 R11: ffffaadd405bbc08 R12: ffff8e1476950000
[ 3042.825139] R13: ffff8e1476951000 R14: ffffaadd405bbba0 R15: 0000000000000080
[ 3042.833728]  init_module+0x118/0x1000 [raid6_pq]
[ 3042.838324]  ? 0xffffffffc044a000
[ 3042.841159]  do_one_initcall+0x52/0x1b0
[ 3042.844826]  ? _cond_resched+0x19/0x40
[ 3042.848328]  ? kmem_cache_alloc_trace+0x167/0x1d0
[ 3042.852442]  ? do_init_module+0x27/0x1f2
[ 3042.856181]  do_init_module+0x4f/0x1f2
[ 3042.859777]  load_module+0x1aa7/0x1fd0
[ 3042.865793]  ? ima_post_read_file+0x96/0xa0
[ 3042.869972]  SYSC_finit_module+0xfc/0x120
[ 3042.873518]  ? SYSC_finit_module+0xfc/0x120
[ 3042.876970]  SyS_finit_module+0xe/0x10
[ 3042.880016]  do_syscall_64+0x73/0x130
[ 3042.883332]  entry_SYSCALL_64_after_hwframe+0x59/0xbe
[ 3042.887371] RIP: 0033:0x7ff79918e539
[ 3042.890409] RSP: 002b:00007ffcde3590f8 EFLAGS: 00000246 ORIG_RAX: 0000000000000139
[ 3042.898468] RAX: ffffffffffffffda RBX: 000055c0af37c880 RCX: 00007ff79918e539
[ 3042.904511] RDX: 0000000000000000 RSI: 000055c0ae4c4cee RDI: 0000000000000004
[ 3042.910583] RBP: 000055c0ae4c4cee R08: 0000000000000000 R09: 000055c0af37be00
[ 3042.916283] R10: 0000000000000004 R11: 0000000000000246 R12: 0000000000000000
[ 3042.922209] R13: 000055c0af37c830 R14: 0000000000060000 R15: 000055c0af37be00
[ 3042.930568] Sending NMI from CPU 0 to CPUs 1:
[ 3042.935509] NMI backtrace for cpu 1
[ 3042.935509] CPU: 1 PID: 285 Comm: modprobe Not tainted 4.15.0-212-generic #223-Ubuntu
[ 3042.935510] Hardware name: innotek GmbH VirtualBox/VirtualBox, BIOS VirtualBox 12/01/2006
[ 3042.935510] RIP: 0010:__pv_queued_spin_lock_slowpath+0xee/0x290
[ 3042.935510] RSP: 0018:ffff8e147fd03ee0 EFLAGS: 00010006
[ 3042.935511] RAX: 0000000000000003 RBX: ffffffffae2aa800 RCX: 0000000000000008
[ 3042.935511] RDX: 00000000000035be RSI: 0000000000000003 RDI: 0000000000000046
[ 3042.935512] RBP: ffff8e147fd03f18 R08: 0000000000000008 R09: 0000000000000008
[ 3042.935512] R10: 0000000000000000 R11: 0000000000000000 R12: ffff8e147fd27580
[ 3042.935512] R13: 0000000000000001 R14: 0000000000000100 R15: 0000000000000000
[ 3042.935512] FS:  00007ff79968b540(0000) GS:ffff8e147fd00000(0000) knlGS:0000000000000000
[ 3042.935513] CS:  0010 DS: 0000 ES: 0000 CR0: 0000000080050033
[ 3042.935513] CR2: 00007fd5126985a0 CR3: 000000003646e001 CR4: 00000000000206e0
[ 3042.935513] Call Trace:
[ 3042.935513]  <IRQ>
[ 3042.935514]  _raw_spin_lock+0x21/0x30
[ 3042.935514]  rcu_iw_handler+0x1e/0x50
[ 3042.935514]  irq_work_run_list+0x52/0x80
[ 3042.935514]  irq_work_run+0x18/0x40
[ 3042.935514]  flush_smp_call_function_queue+0x76/0x120
[ 3042.935515]  generic_smp_call_function_single_interrupt+0x13/0x30
[ 3042.935515]  smp_call_function_single_interrupt+0x3e/0xd0
[ 3042.935515]  call_function_single_interrupt+0x90/0xa0
[ 3042.935516]  </IRQ>
[ 3042.935516] RIP: 0010:raid6_sse21_gen_syndrome+0xaa/0x130 [raid6_pq]
[ 3042.935516] RSP: 0018:ffffaadd405bbb50 EFLAGS: 00010287 ORIG_RAX: ffffffffffffff04
[ 3042.935517] RAX: ffffaadd405bbbf8 RBX: 0000000000001000 RCX: ffffffffc043f600
[ 3042.935517] RDX: 0000000000000a30 RSI: ffffaadd405bbc18 RDI: 000000000000000d
[ 3042.935517] RBP: ffffaadd405bbb80 R08: ffffaadd405bbb98 R09: 0000000000000a30
[ 3042.935517] R10: ffffaadd405bbc10 R11: ffffaadd405bbc08 R12: ffff8e1476950000
[ 3042.935518] R13: ffff8e1476951000 R14: ffffaadd405bbba0 R15: 0000000000000080
[ 3042.935518]  init_module+0x118/0x1000 [raid6_pq]
[ 3042.935518]  ? 0xffffffffc044a000
[ 3042.935518]  do_one_initcall+0x52/0x1b0
[ 3042.935519]  ? _cond_resched+0x19/0x40
[ 3042.935519]  ? kmem_cache_alloc_trace+0x167/0x1d0
[ 3042.935519]  ? do_init_module+0x27/0x1f2
[ 3042.935519]  do_init_module+0x4f/0x1f2
[ 3042.935519]  load_module+0x1aa7/0x1fd0
[ 3042.935520]  ? ima_post_read_file+0x96/0xa0
[ 3042.935520]  SYSC_finit_module+0xfc/0x120
[ 3042.935520]  ? SYSC_finit_module+0xfc/0x120
[ 3042.935520]  SyS_finit_module+0xe/0x10
[ 3042.935520]  do_syscall_64+0x73/0x130
[ 3042.935521]  entry_SYSCALL_64_after_hwframe+0x59/0xbe
[ 3042.935521] RIP: 0033:0x7ff79918e539
[ 3042.935521] RSP: 002b:00007ffcde3590f8 EFLAGS: 00000246 ORIG_RAX: 0000000000000139
[ 3042.935522] RAX: ffffffffffffffda RBX: 000055c0af37c880 RCX: 00007ff79918e539
[ 3042.935522] RDX: 0000000000000000 RSI: 000055c0ae4c4cee RDI: 0000000000000004
[ 3042.935522] RBP: 000055c0ae4c4cee R08: 0000000000000000 R09: 000055c0af37be00
[ 3042.935522] R10: 0000000000000004 R11: 0000000000000246 R12: 0000000000000000
[ 3042.935523] R13: 000055c0af37c830 R14: 0000000000060000 R15: 000055c0af37be00
[ 3042.935523] Code: 41 bd 01 00 00 00 41 be 00 01 00 00 3c 02 0f 94 c0 0f b6 c0 48 89 45 c8 41 c6 44 24 44 00 ba 00 80 00 00 c6 43 01 01 eb 0b f3 90 <83> ea 01 0f 84 08 01 00 00 0f b6 03 84 c0 75 ee 44 89 f0 f0 66 
[ 3042.935565] rcu_sched kthread starved for 552404 jiffies! g18446744073709551483 c18446744073709551482 f0x2 RCU_GP_WAIT_FQS(3) ->state=0x0 ->cpu=0
[ 3042.935769] raid6: sse2x1   gen() 964281572 MB/s
[ 3042.938125] rcu_sched       R  running task        0     8      2 0x80000000
[ 3043.187318] Call Trace:
[ 3043.189165]  __schedule+0x24e/0x890
[ 3043.192150]  schedule+0x2c/0x80
[ 3043.194590]  schedule_timeout+0x15d/0x370
[ 3043.197656]  ? __next_timer_interrupt+0xe0/0xe0
[ 3043.201480]  rcu_gp_kthread+0x53a/0x980
[ 3043.204451]  kthread+0x121/0x140
[ 3043.206992]  ? rcu_note_context_switch+0x150/0x150
[ 3043.210625]  ? kthread_create_worker_on_cpu+0x70/0x70
[ 3043.214292]  ret_from_fork+0x1f/0x40
[ 3043.265772] raid6: sse2x1   xor()  8931 MB/s
[ 3043.318717] raid6: sse2x2   gen() 16151 MB/s
[ 3043.774656] raid6: sse2x2   xor() 115466 MB/s
[ 3043.833074] raid6: sse2x4   gen() 18350 MB/s
[ 3043.884854] raid6: sse2x4   xor() 10100 MB/s
[ 3043.888584] raid6: using algorithm sse2x1 gen() 964281572 MB/s
[ 3043.892800] raid6: .... xor() 8931 MB/s, rmw enabled
[ 3043.896621] raid6: using ssse3x2 recovery algorithm
[ 3043.901994] xor: measuring software checksum speed
[ 3043.948081]    prefetch64-sse: 20618.000 MB/sec
[ 3043.988067]    generic_sse: 16877.000 MB/sec
[ 3043.991676] xor: using function: prefetch64-sse (20618.000 MB/sec)
[ 3044.000606] async_tx: api initialized (async)
done.
Begin: Running /scripts/init-premount ... done.
Begin: Mounting root file system ... Begin: Running /scripts/local-top ... done.
Begin: Running /scripts/local-premount ... [ 3044.060018] Btrfs loaded, crc32c=crc32c-intel
Scanning for Btrfs filesystems
done.
Warning: fsck not present, so skipping root file system
[ 3044.111667] EXT4-fs (sda1): mounted filesystem with ordered data mode. Opts: (null)
done.
Begin: Running /scripts/local-bottom ... done.
Begin: Running /scripts/init-bottom ... done.
[ 3044.314970] ip_tables: (C) 2000-2006 Netfilter Core Team
[ 3044.334239] systemd[1]: systemd 237 running in system mode. (+PAM +AUDIT +SELINUX +IMA +APPARMOR +SMACK +SYSVINIT +UTMP +LIBCRYPTSETUP +GCRYPT +GNUTLS +ACL +XZ +LZ4 +SECCOMP +BLKID +ELFUTILS +KMOD -IDN2 +IDN -PCRE2 default-hierarchy=hybrid)
[ 3044.350934] systemd[1]: Detected virtualization oracle.
[ 3044.357895] systemd[1]: Detected architecture x86-64.

Welcome to [1mUbuntu 18.04.6 LTS[0m!

[ 3044.388327] systemd[1]: Set hostname to <ubuntu>.
[ 3044.398364] systemd[1]: Initializing machine ID from random generator.
[ 3044.405410] systemd[1]: Installed transient /etc/machine-id file.
[ 3044.708074] systemd[1]: Reached target Mounting snaps.
[[0;32m  OK  [0m] Reached target Mounting snaps.
[ 3044.715780] systemd[1]: Reached target Mounted snaps.
[[0;32m  OK  [0m] Reached target Mounted snaps.
[ 3044.733458] systemd[1]: Created slice System Slice.
[[0;32m  OK  [0m] Created slice System Slice.
[ 3044.740900] systemd[1]: Listening on udev Kernel Socket.
[[0;32m  OK  [0m] Listening on udev Kernel Socket.
[[0;32m  OK  [0m] Created slice system-serial\x2dgetty.slice.
[[0;32m  OK  [0m] Listening on fsck to fsckd communication Socket.
[[0;32m  OK  [0m] Listening on Device-mapper event daemon FIFOs.
[[0;32m  OK  [0m] Listening on Journal Socket.
         Starting Create list of required st…ce nodes for the current kernel...
         Mounting Huge Pages File System...
         Mounting Kernel Debug File System...
         Starting Set the console keyboard layout...
         Mounting POSIX Message Queue File System...
[[0;32m  OK  [0m] Reached target Swap.
[[0;32m  OK  [0m] Listening on udev Control Socket.
         Starting udev Coldplug all Devices...
         Starting File System Check on Root Device...
[[0;32m  OK  [0m] Listening on LVM2 metadata daemon socket.
[[0;32m  OK  [0m] Listening on Journal Socket (/dev/log).
[[0;32m  OK  [0m] Started Forward Password Requests to Wall Directory Watch.
         Starting Load Kernel Modules...
         Starting Monitoring of LVM2 mirrors…ng dmeventd or progress polling...
[[0;32m  OK  [0m] Listening on Syslog Socket.
         Starting Uncomplicated firewall...
[[0;32m  OK  [0m] Reached target User and Group Name Lookups.
[[0;32m  OK  [0m] Listening on Journal Audit Socket.
         Starting Journal Service...
[[0;32m  OK  [0m] Listening on LVM2 poll daemon socket.
[[0;32m  OK  [0m] Listening on Network Service Netlink Socket.
[ 3044.874913] Loading iSCSI transport class v2.0-870.
[[0;32m  OK  [0m] Set up automount Arbitrary Executab…rmats File System Automount Point.
[[0;32m  OK  [0m] Reached target System Time Synchronized.
[[0;32m  OK  [0m] Created slice User and Session Slice.
[[0;32m  OK  [0m] Reached target Slices.
[[0;32m  OK  [0m] Listening on /dev/initctl Compatibility Named Pipe.
[[0;32m  OK  [0m] Started Create list of required sta…vice nodes for the current kernel.
[[0;32m  OK  [0m] Mounted Huge Pages File System.
[[0;32m  OK  [0m] Mounted Kernel Debug File System.
[[0;32m  OK  [0m] Mounted POSIX Message Queue File System.
[[0;32m  OK  [0m] Started Uncomplicated firewall.
[[0;32m  OK  [0m] Started File System Check Daemon to report status.
         Starting Create Static Device Nodes in /dev...
[[0;32m  OK  [0m] Started Journal Service.
[[0;32m  OK  [0m] Started udev Coldplug all Devices.
[[0;32m  OK  [0m[ 3044.960624] iscsi: registered transport (tcp)
] Started File System Check on Root Device.
         Starting Remount Root and Kernel File Systems...
[[0;32m  OK  [0m] Started LVM2 metadata daemon.
[[0;32m  OK  [0m] Started Create Static Device Nodes in /dev.
[ 3045.037822] iscsi: registered transport (iser)
[[0;32m  OK  [0m] Started Load Kernel Modules.
         Starting Apply Kernel Variables...
         Mounting Kernel Configuration File System...
         Mounting FUSE Control File System...
[[0;32m  OK  [0m] Mounted Kernel Configuration File System.
[[0;32m  OK  [0m] Mounted FUSE Control File System.
[[0;32m  OK  [0m] Started Remount Root and Kernel File Systems.
         Starting Load/Save Random Seed...
         Starting Flush Journal to Persistent Storage...
         Starting udev Kernel Device Manager...
[[0;32m  OK  [0m] Started Apply Kernel Variables.
[[0;32m  OK  [0m] Started Load/Save Random Seed.
[[0;32m  OK  [0m] Started Monitoring of LVM2 mirrors,…sing dmeventd or progress polling.
[[0;32m  OK  [0m] Started udev Kernel Device Manager.
[[0;32m  OK  [0m] Started Flush Journal to Persistent Storage.
[[0;32m  OK  [0m] Found device /dev/ttyS0.
[[0;32m  OK  [0m] Listening on Load/Save RF Kill Switch Status /dev/rfkill Watch.
         Mounting Arbitrary Executable File Formats File System...
[[0;32m  OK  [0m] Mounted Arbitrary Executable File Formats File System.
[[0;32m  OK  [0m] Started Set the console keyboard layout.
[[0;32m  OK  [0m] Reached target Local File Systems (Pre).
[[0;32m  OK  [0m] Reached target Local File Systems.
         Starting ebtables ruleset management...
         Starting Commit a transient machine-id on disk...
         Starting AppArmor initialization...
         Starting Tell Plymouth To Write Out Runtime Data...
         Starting Set console font and keymap...
         Starting Create Volatile Files and Directories...
[[0;32m  OK  [0m] Started Dispatch Password Requests to Console Directory Watch.
[[0;32m  OK  [0m] Reached target Local Encrypted Volumes.
[[0;32m  OK  [0m] Started Tell Plymouth To Write Out Runtime Data.
[[0;32m  OK  [0m] Started Create Volatile Files and Directories.
         Starting Update UTMP about System Boot/Shutdown...
[[0;32m  OK  [0m] Started Update UTMP about System Boot/Shutdown.
[[0;32m  OK  [0m] Started Commit a transient machine-id on disk.
[[0;32m  OK  [0m] Started ebtables ruleset management.
[[0;32m  OK  [0m] Started AppArmor initialization.
         Starting Load AppArmor profiles managed internally by snapd...
         Starting Initial cloud-init job (pre-networking)...
[[0;32m  OK  [0m] Started Load AppArmor profiles managed internally by snapd.
[[0;32m  OK  [0m] Started Set console font and keymap.
[[0;32m  OK  [0m] Started Initial cloud-init job (pre-networking).
[[0;32m  OK  [0m] Reached target Network (Pre).
[ 3048.336684]          Starting Network Service...
cloud-init[777]: Cloud-init v. 23.1.2-0ubuntu0~18.04.1 running 'init-local' at Sat, 30 Mar 2024 12:27:50 +0000. Up 3047.99 seconds.
[[0;32m  OK  [0m] Started Network Service.
         Starting Wait for Network to be Configured...
         Starting Network Name Resolution...
[[0;32m  OK  [0m] Started Network Name Resolution.
[[0;32m  OK  [0m] Reached target Network.
[[0;32m  OK  [0m] Reached target Host and Network Name Lookups.
[[0;32m  OK  [0m] Started Wait for Network to be Configured.
         Starting Initial cloud-init job (metadata service crawler)...
[ 3050.773343] cloud-init[935]: Cloud-init v. 23.1.2-0ubuntu0~18.04.1 running 'init' at Sat, 30 Mar 2024 12:27:53 +0000. Up 3050.66 seconds.
[ 3050.777039] cloud-init[935]: ci-info: ++++++++++++++++++++++++++++++++++++++Net device info++++++++++++++++++++++++++++++++++++++
[ 3050.782197] cloud-init[935]: ci-info: +--------+------+----------------------------+---------------+--------+-------------------+
[ 3050.788328] cloud-init[935]: ci-info: | Device |  Up  |          Address           |      Mask     | Scope  |     Hw-Address    |
[ 3050.793328] cloud-init[935]: ci-info: +--------+------+----------------------------+---------------+--------+-------------------+
[ 3050.796840] cloud-init[935]: ci-info: | enp0s3 | True |         10.0.2.15          | 255.255.255.0 | global | 02:3b:7b:b7:3b:2d |
[ 3050.799914] cloud-init[935]: ci-info: | enp0s3 | True | fe80::3b:7bff:feb7:3b2d/64 |       .       |  link  | 02:3b:7b:b7:3b:2d |
[ 3050.804044] cloud-init[935]: ci-info: |   lo   | True |         127.0.0.1          |   255.0.0.0   |  host  |         .         |
[ 3050.807296] cloud-init[935]: ci-info: |   lo   | True |          ::1/128           |       .       |  host  |         .         |
[ 3050.810274] cloud-init[935]: ci-info: +--------+------+----------------------------+---------------+--------+-------------------+
[ 3050.813504] cloud-init[935]: ci-info: ++++++++++++++++++++++++++++Route IPv4 info+++++++++++++++++++++++++++++
[ 3050.816319] cloud-init[935]: ci-info: +-------+-------------+----------+-----------------+-----------+-------+
[ 3050.818902] cloud-init[935]: ci-info: | Route | Destination | Gateway  |     Genmask     | Interface | Flags |
[ 3050.821527] cloud-init[935]: ci-info: +-------+-------------+----------+-----------------+-----------+-------+
[ 3050.824306] cloud-init[935]: ci-info: |   0   |   0.0.0.0   | 10.0.2.2 |     0.0.0.0     |   enp0s3  |   UG  |
[ 3050.826894] cloud-init[935]: ci-info: |   1   |   10.0.2.0  | 0.0.0.0  |  255.255.255.0  |   enp0s3  |   U   |
[ 3050.829442] cloud-init[935]: ci-info: |   2   |   10.0.2.2  | 0.0.0.0  | 255.255.255.255 |   enp0s3  |   UH  |
[ 3050.832154] cloud-init[935]: ci-info: +-------+-------------+----------+-----------------+-----------+-------+
[ 3050.834775] cloud-init[935]: ci-info: +++++++++++++++++++Route IPv6 info+++++++++++++++++++
[ 3050.837156] cloud-init[935]: ci-info: +-------+-------------+---------+-----------+-------+
[ 3050.839294] cloud-init[935]: ci-info: | Route | Destination | Gateway | Interface | Flags |
[ 3050.841486] cloud-init[935]: ci-info: +-------+-------------+---------+-----------+-------+
[ 3050.844328] cloud-init[935]: ci-info: |   1   |  fe80::/64  |    ::   |   enp0s3  |   U   |
[ 3050.847597] cloud-init[935]: ci-info: |   3   |    local    |    ::   |   enp0s3  |   U   |
[ 3050.851394] cloud-init[935]: ci-info: |   4   |   ff00::/8  |    ::   |   enp0s3  |   U   |
[ 3050.854373] cloud-init[935]: ci-info: +-------+-------------+---------+-----------+-------+
[ 3051.791966] cloud-init[935]: Generating public/private rsa key pair.
[ 3051.796329] cloud-init[935]: Your identification has been saved in /etc/ssh/ssh_host_rsa_key.
[ 3051.801608] cloud-init[935]: Your public key has been saved in /etc/ssh/ssh_host_rsa_key.pub.
[ 3051.808420] cloud-init[935]: The key fingerprint is:
[ 3051.811688] cloud-init[935]: SHA256:xY/3quBh9xVQ2qneZ0mlFqEANjXreqVprPVLReqofyM root@ubuntu-bionic
[ 3051.816553] cloud-init[935]: The key's randomart image is:
[ 3051.820367] cloud-init[935]: +---[RSA 2048]----+
[ 3051.823971] cloud-init[935]: |        +o+   o  |
[ 3051.827594] cloud-init[935]: |       . o + = o |[[0;32m  OK  [0m
[ 3051.832329] cloud-init[935]: |          + + = .|
[ 3051.832378] cloud-init[935]: |         o o = o.|
[ 3051.832687] cloud-init[935]: |        S o * =. |
[ 3051.832991] cloud-init[935]: |         o O =...|
[ 3051.833291] cloud-init[935]: |        = X + +.o|
[ 3051.833598] cloud-init[935]: |       o XE+oo o |
[ 3051.833924] cloud-init[935]: |        +.o+=o   |
[ 3051.834231] cloud-init[935]: +----[SHA256]-----+
[ 3051.834529] cloud-init[935]: Generating public/private dsa key pair.
[ 3051.834830] cloud-init[935]: Your identification has been saved in /etc/ssh/ssh_host_dsa_key.
[ 3051.835133] cloud-init[935]: Your public key has been saved in /etc/ssh/ssh_host_dsa_key.pub.
[ 3051.835436] cloud-init[935]: The key fingerprint is:
[ 3051.835734] cloud-init[935]: SHA256:H2T/PPuLIkjlzSThA3jc8qXhYUUbKHDzfNilH/LW+vc root@ubuntu-bionic
[ 3051.836437] cloud-init[935]: The key's randomart image is:
[ 3051.836736] cloud-init[935]: +---[DSA 1024]----+
[ 3051.837038] cloud-init[935]: |     .+o. ++ .   |
[ 3051.837332] cloud-init[935]: |     ..*+Bo.=    |
[ 3051.837634] cloud-init[935]: |      . O+O* .   |
[ 3051.837941] cloud-init[935]: |         @.o+ o  |
[ 3051.838233] cloud-init[935]: |        S B .+ . |
[ 3051.838642] cloud-init[935]: |       . o +.o.  |
[ 3051.839157] cloud-init[935]: |      . . .  .+  |
[ 3051.839571] cloud-init[935]: |       . . .  oo.|
[ 3051.839874] cloud-init[935]: |          . ...+E|
[ 3051.840714] cloud-init[935]: +----[SHA256]-----+
[ 3051.841006] cloud-init[935]: Generating public/private ecdsa key pair.
[ 3051.841342] cloud-init[935]: Your identification has been saved in /etc/ssh/ssh_host_ecdsa_key.
[ 3051.841644] cloud-init[935]: Your public key has been saved in /etc/ssh/ssh_host_ecdsa_key.pub.
[ 3051.841940] cloud-init[935]: The key fingerprint is:
[ 3051.842236] cloud-init[935]: SHA256:WlfZPZNR9GhkVK4ULZi+tHglPq0eZD8SRe9q+vz1fLI root@ubuntu-bionic
[ 3051.842543] cloud-init[935]: The key's randomart image is:
[ 3051.842838] cloud-init[935]: +---[ECDSA 256]---+
[ 3051.843140] cloud-init[935]: |             +*==|
[ 3051.843481] cloud-init[935]: |            o*.*=|
[ 3051.843783] cloud-init[935]: |           .o *==|
[ 3051.844416] cloud-init[935]: |           .++.oo|
[ 3051.844708] cloud-init[935]: |        S .++*. .|
[ 3051.845008] cloud-init[935]: |       o ..o*o.. |
[ 3051.845334] cloud-init[935]: |      .    .oo= .|
[ 3051.845639] cloud-init[935]: |            .*.o+|
[ 3051.845942] cloud-init[935]: |           .o.E+=|
[ 3051.846249] cloud-init[935]: +----[SHA256]-----+
[ 3051.846637] cloud-init[935]: Generating public/private ed25519 key pair.
[ 3051.847178] cloud-init[935]: Your identification has been saved in /etc/ssh/ssh_host_ed25519_key.
[ 3051.847481] cloud-init[935]: Your public key has been saved in /etc/ssh/ssh_host_ed25519_key.pub.
[ 3051.847777] cloud-init[935]: The key fingerprint is:
[ 3051.848482] cloud-init[935]: SHA256:TV8INBC8kAars8gp7ks6Io3GUsOnO3IXDMfXaUpYFyI root@ubuntu-bionic
[ 3051.848784] cloud-init[935]: The key's randomart image is:
[ 3051.849076] cloud-init[935]: +--[ED25519 256]--+
[ 3051.849380] cloud-init[935]: |    E..o+=+      |
[ 3051.849679] cloud-init[935]: |     o=.o  o .   |
[ 3051.849975] cloud-init[935]: |   ..+ + o. . .  |
[ 3051.850276] cloud-init[935]: |  ..+ o =o . .   |
[ 3051.850575] cloud-init[935]: | .o+ o oS . .    |
[ 3051.850950] cloud-init[935]: |..=o+ .          |
[ 3051.851251] cloud-init[935]: |+B.+ .           |
[ 3051.851549] cloud-init[935]: |%o= .            |
[ 3051.851862] cloud-init[935]: |BBo+             |
[ 3051.852563] cloud-init[935]: +----[SHA256]-----+
] Started Initial cloud-init job (metadata service crawler).
[[0;32m  OK  [0m] Reached target Cloud-config availability.
[[0;32m  OK  [0m] Reached target Network is Online.
         Starting Availability of block devices...
[[0;32m  OK  [0m] Reached target Remote File Systems (Pre).
[[0;32m  OK  [0m] Reached target Remote File Systems.
[[0;32m  OK  [0m] Reached target System Initialization.
[[0;32m  OK  [0m] Listening on cloud-init hotplug hook socket.
[[0;32m  OK  [0m] Listening on ACPID Listen Socket.
[[0;32m  OK  [0m] Started ACPI Events Check.
[[0;32m  OK  [0m] Started Message of the Day.
[[0;32m  OK  [0m] Listening on D-Bus System Message Bus Socket.
[[0;32m  OK  [0m] Reached target Paths.
         Starting Socket activation for snappy daemon.
[[0;32m  OK  [0m] Listening on Open-iSCSI iscsid Socket.
         Starting LXD - unix socket.
[[0;32m  OK  [0m] Listening on UUID daemon activation socket.
[[0;32m  OK  [0m] Started Discard unused blocks once a week.
[[0;32m  OK  [0m] Started Daily apt download activities.
[[0;32m  OK  [0m] Started Daily apt upgrade and clean activities.
[[0;32m  OK  [0m] Started Daily Cleanup of Temporary Directories.
[[0;32m  OK  [0m] Started Ubuntu Advantage Timer for running repeated jobs.
[[0;32m  OK  [0m] Reached target Timers.
[[0;32m  OK  [0m] Started Availability of block devices.
[[0;32m  OK  [0m] Listening on Socket activation for snappy daemon.
[[0;32m  OK  [0m] Listening on LXD - unix socket.
         Starting Cleanup of Temporary Directories...
[[0;32m  OK  [0m] Reached target Sockets.
[[0;32m  OK  [0m] Reached target Basic System.
[[0;32m  OK  [0m] Reached target Login Prompts (Pre).
         Starting Permit User Sessions...
[[0;32m  OK  [0m] Started D-Bus System Message Bus.
         Starting LXD - container startup/shutdown...
         Starting LSB: automatic crash report generation...
         Starting Dispatcher daemon for systemd-networkd...
[[0;32m  OK  [0m] Started Deferred execution scheduler.
[[0;32m  OK  [0m] Started irqbalance daemon.
         Starting Pollinate to seed the pseudo random number generator...
         Starting Login Service...
         Starting Accounts Service...
         Starting LSB: Record successful boot for GRUB...
[[0;32m  OK  [0m] Started Regular background program processing daemon.
[[0;32m  OK  [0m] Started FUSE filesystem for LXC.
         Starting System Logging Service...
         Starting Snap Daemon...
         Starting Virtualbox guest utils...
[[0;32m  OK  [0m] Started Permit User Sessions.
[[0;32m  OK  [0m] Started Login Service.
[[0;32m  OK  [0m] Started System Logging Service.
[[0;32m  OK  [0m] Started Cleanup of Temporary Directories.
         Starting Authorization Manager...
[[0;32m  OK  [0m] Started Unattended Upgrades Shutdown.
         Starting Hold until boot process finishes up...
         Starting Terminate Plymouth Boot Screen...
[[0;32m  OK  [0m] Started Hold until boot process finishes up.
[[0;32m  OK  [0m] Started LSB: automatic crash report generation.
[[0;32m  OK  [0m] Started Terminate Plymouth Boot Screen.
[[0;32m  OK  [0m] Started Serial Getty on ttyS0.
         Starting Set console scheme...
[[0;32m  OK  [0m] Started Set console scheme.
[[0;32m  OK  [0m] Created slice system-getty.slice.
[[0;32m  OK  [0m] Started Getty on tty1.
[[0;32m  OK  [0m] Reached target Login Prompts.
[[0;32m  OK  [0m] Started LXD - container startup/shutdown.
[[0;32m  OK  [0m] Started LSB: Record successful boot for GRUB.
[[0;32m  OK  [0m] Started Authorization Manager.
[[0;32m  OK  [0m] Started Accounts Service.
[[0;32m  OK  [0m] Started Virtualbox guest utils.
[[0;32m  OK  [0m] Started Dispatcher daemon for systemd-networkd.
[[0;32m  OK  [0m] Started Snap Daemon.
         Starting Wait until snapd is fully seeded...
         Starting Time & Date Service...
[[0;32m  OK  [0m] Started Time & Date Service.
[[0;32m  OK  [0m] Started Pollinate to seed the pseudo random number generator.
         Starting OpenBSD Secure Shell server...
[[0;32m  OK  [0m] Started OpenBSD Secure Shell server.
[[0;32m  OK  [0m] Started Wait until snapd is fully seeded.
         Starting Apply the settings specified in cloud-config...
[ 3057.273234] cloud-init[1540]: Cloud-init v. 23.1.2-0ubuntu0~18.04.1 running 'modules:config' at Sat, 30 Mar 2024 12:27:59 +0000. Up 3056.83 seconds.
[[0;32m  OK  [0m] Started Apply the settings specified in cloud-config.
[[0;32m  OK  [0m] Reached target Multi-User System.
[[0;32m  OK  [0m] Reached target Graphical Interface.
         Starting Update UTMP about System Runlevel Changes...
         Starting Execute cloud user/final scripts...
[[0;32m  OK  [0m] Started Update UTMP about System Runlevel Changes.
ci-info: no authorized SSH keys fingerprints found for user ubuntu.
<14>Mar 30 12:28:00 cloud-init: #############################################################
<14>Mar 30 12:28:00 cloud-init: -----BEGIN SSH HOST KEY FINGERPRINTS-----
<14>Mar 30 12:28:00 cloud-init: 1024 SHA256:H2T/PPuLIkjlzSThA3jc8qXhYUUbKHDzfNilH/LW+vc root@ubuntu-bionic (DSA)
<14>Mar 30 12:28:00 cloud-init: 256 SHA256:WlfZPZNR9GhkVK4ULZi+tHglPq0eZD8SRe9q+vz1fLI root@ubuntu-bionic (ECDSA)
<14>Mar 30 12:28:00 cloud-init: 256 SHA256:TV8INBC8kAars8gp7ks6Io3GUsOnO3IXDMfXaUpYFyI root@ubuntu-bionic (ED25519)
<14>Mar 30 12:28:00 cloud-init: 2048 SHA256:xY/3quBh9xVQ2qneZ0mlFqEANjXreqVprPVLReqofyM root@ubuntu-bionic (RSA)
<14>Mar 30 12:28:00 cloud-init: -----END SSH HOST KEY FINGERPRINTS-----
<14>Mar 30 12:28:00 cloud-init: #############################################################
-----BEGIN SSH HOST KEY KEYS-----
ecdsa-sha2-nistp256 AAAAE2VjZHNhLXNoYTItbmlzdHAyNTYAAAAIbmlzdHAyNTYAAABBBL2gkfH4uu+IQgXxRcJj6hoPZFXQstQ+l8TxFCwOT8Rebc5H1Kk2NDAwNyuGGdUV5ajvDFJeKx3/bp4u49VprZA= root@ubuntu-bionic
ssh-ed25519 AAAAC3NzaC1lZDI1NTE5AAAAIH3dDB74lCmOAVhIGhTRNl+Z8haq189Bn/h8B/1NHJNK root@ubuntu-bionic
ssh-rsa AAAAB3NzaC1yc2EAAAADAQABAAABAQDBaTEzOTssy1vBoLs3fsn3JN3RdvK9nakE9Fcms/24dcUgOHM2tkuUZQ7ya39U3npUHHIYGigae5GsgKa3EuJLBC6EeUZHCsQi2h+E468H4wM0oMqFb2mabMhJgnsfgJqvk5Z65CvKfcHD9+L9tiKLqtpXHnHs2zEMRtU5PfxTXrOklLafDdqT/PEb/3BYsTLtY266XD3pFWg8UBKdzhqaDaCeDEf4We0K5YqSnEWY6LBD2fExjMqt1R6+bzE5aW9LNLOlAqbHEmDuOg1+bfcw+ptipiCAu/QSUVvYXKo6r0Plta3GKvgvcUOE+9U4kbZfLk8uax0wuPmknDJmwSXB root@ubuntu-bionic
-----END SSH HOST KEY KEYS-----
[ 3057.813407] cloud-init[1598]: Cloud-init v. 23.1.2-0ubuntu0~18.04.1 running 'modules:final' at Sat, 30 Mar 2024 12:28:00 +0000. Up 3057.65 seconds.
[ 3057.813497] cloud-init[1598]: Cloud-init v. 23.1.2-0ubuntu0~18.04.1 finished at Sat, 30 Mar 2024 12:28:00 +0000. Datasource DataSourceNoCloud [seed=/dev/sdb][dsmode=net].  Up 3057.77 seconds

Ubuntu 18.04.6 LTS ubuntu-bionic ttyS0

ubuntu-bionic login: 